# JRE version: Java(TM) SE Runtime Environment (9.0+11) (build 9.0.4+11)
# Java VM: Java HotSpot(TM) 64-Bit Server VM (9.0.4+11, mixed mode, tiered, compressed oops, g1 gc, windows-amd64)
Heap:
 garbage-first heap   total 460800K, used 145142K [0x0000000700000000, 0x0000000700100e10, 0x00000007c0000000)
  region size 1024K, 9 young (9216K), 1 survivors (1024K)
 Metaspace       used 103619K, capacity 107491K, committed 113820K, reserved 1146880K
  class space    used 14503K, capacity 15236K, committed 16540K, reserved 1048576K
GC Heap History (10 events):
Event: 4231.867 GC heap before
{Heap before GC invocations=1072 (full 206):
 garbage-first heap   total 460800K, used 146555K [0x0000000700000000, 0x0000000700100e10, 0x00000007c0000000)
  region size 1024K, 6 young (6144K), 1 survivors (1024K)
 Metaspace       used 103546K, capacity 107403K, committed 113820K, reserved 1146880K
  class space    used 14489K, capacity 15232K, committed 16540K, reserved 1048576K
}
Event: 4232.101 GC heap after
{Heap after GC invocations=1073 (full 207):
 garbage-first heap   total 460800K, used 138159K [0x0000000700000000, 0x0000000700100e10, 0x00000007c0000000)
  region size 1024K, 0 young (0K), 0 survivors (0K)
 Metaspace       used 103546K, capacity 107403K, committed 113820K, reserved 1146880K
  class space    used 14489K, capacity 15232K, committed 16540K, reserved 1048576K
}
Event: 4273.149 GC heap before
{Heap before GC invocations=1073 (full 207):
 garbage-first heap   total 460800K, used 199599K [0x0000000700000000, 0x0000000700100e10, 0x00000007c0000000)
  region size 1024K, 60 young (61440K), 0 survivors (0K)
 Metaspace       used 103553K, capacity 107409K, committed 113820K, reserved 1146880K
  class space    used 14491K, capacity 15233K, committed 16540K, reserved 1048576K
}
Event: 4273.152 GC heap after
{Heap after GC invocations=1074 (full 207):
 garbage-first heap   total 460800K, used 138956K [0x0000000700000000, 0x0000000700100e10, 0x00000007c0000000)
  region size 1024K, 1 young (1024K), 1 survivors (1024K)
 Metaspace       used 103553K, capacity 107409K, committed 113820K, reserved 1146880K
  class space    used 14491K, capacity 15233K, committed 16540K, reserved 1048576K
}
Event: 4275.174 GC heap before
{Heap before GC invocations=1075 (full 207):
 garbage-first heap   total 460800K, used 199372K [0x0000000700000000, 0x0000000700100e10, 0x00000007c0000000)
  region size 1024K, 60 young (61440K), 1 survivors (1024K)
 Metaspace       used 103563K, capacity 107421K, committed 113820K, reserved 1146880K
  class space    used 14492K, capacity 15235K, committed 16540K, reserved 1048576K
}
Event: 4275.176 GC heap after
{Heap after GC invocations=1076 (full 207):
 garbage-first heap   total 460800K, used 139028K [0x0000000700000000, 0x0000000700100e10, 0x00000007c0000000)
  region size 1024K, 1 young (1024K), 1 survivors (1024K)
 Metaspace       used 103563K, capacity 107421K, committed 113820K, reserved 1146880K
  class space    used 14492K, capacity 15235K, committed 16540K, reserved 1048576K
}
Event: 4276.883 GC heap before
{Heap before GC invocations=1076 (full 207):
 garbage-first heap   total 460800K, used 199444K [0x0000000700000000, 0x0000000700100e10, 0x00000007c0000000)
  region size 1024K, 60 young (61440K), 1 survivors (1024K)
 Metaspace       used 103571K, capacity 107421K, committed 113820K, reserved 1146880K
  class space    used 14495K, capacity 15235K, committed 16540K, reserved 1048576K
}
Event: 4276.885 GC heap after
{Heap after GC invocations=1077 (full 207):
 garbage-first heap   total 460800K, used 138913K [0x0000000700000000, 0x0000000700100e10, 0x00000007c0000000)
  region size 1024K, 1 young (1024K), 1 survivors (1024K)
 Metaspace       used 103571K, capacity 107421K, committed 113820K, reserved 1146880K
  class space    used 14495K, capacity 15235K, committed 16540K, reserved 1048576K
}
Event: 4279.054 GC heap before
{Heap before GC invocations=1078 (full 207):
 garbage-first heap   total 460800K, used 199329K [0x0000000700000000, 0x0000000700100e10, 0x00000007c0000000)
  region size 1024K, 60 young (61440K), 1 survivors (1024K)
 Metaspace       used 103592K, capacity 107427K, committed 113820K, reserved 1146880K
  class space    used 14501K, capacity 15236K, committed 16540K, reserved 1048576K
}
Event: 4279.056 GC heap after
{Heap after GC invocations=1079 (full 207):
 garbage-first heap   total 460800K, used 137974K [0x0000000700000000, 0x0000000700100e10, 0x00000007c0000000)
  region size 1024K, 1 young (1024K), 1 survivors (1024K)
 Metaspace       used 103592K, capacity 107427K, committed 113820K, reserved 1146880K
  class space    used 14501K, capacity 15236K, committed 16540K, reserved 1048576K
}

